num edges:	11747526
max degree:	52
min degree:	2
avg degree:	23.50
std degree:	6.10

------------------------------------------------
 k = 100 max_clac= 100
Recall = 0.570398
Time = 11 us 	 QPS = 90909.1 query/s
------------------------------------------------
 k = 100 max_clac= 125
Recall = 1.2933
Time = 11 us 	 QPS = 90909.1 query/s
------------------------------------------------
 k = 100 max_clac= 158
Recall = 3.14369
Time = 14 us 	 QPS = 71428.6 query/s
------------------------------------------------
 k = 100 max_clac= 199
Recall = 7.20843
Time = 14 us 	 QPS = 71428.6 query/s
------------------------------------------------
 k = 100 max_clac= 251
Recall = 14.5197
Time = 14 us 	 QPS = 71428.6 query/s
------------------------------------------------
 k = 100 max_clac= 316
Recall = 25.0944
Time = 16 us 	 QPS = 62500 query/s
------------------------------------------------
 k = 100 max_clac= 398
Recall = 37.2195
Time = 16 us 	 QPS = 62500 query/s
------------------------------------------------
 k = 100 max_clac= 501
Recall = 49.272
Time = 17 us 	 QPS = 58823.5 query/s
------------------------------------------------
 k = 100 max_clac= 630
Recall = 59.6313
Time = 18 us 	 QPS = 55555.6 query/s
------------------------------------------------
 k = 100 max_clac= 794
Recall = 68.7619
Time = 17 us 	 QPS = 58823.5 query/s
------------------------------------------------
 k = 100 max_clac= 999
Recall = 76.4729
Time = 21 us 	 QPS = 47619 query/s
------------------------------------------------
 k = 100 max_clac= 1258
Recall = 82.7061
Time = 27 us 	 QPS = 37037 query/s
------------------------------------------------
 k = 100 max_clac= 1584
Recall = 87.7986
Time = 34 us 	 QPS = 29411.8 query/s
------------------------------------------------
 k = 100 max_clac= 1995
Recall = 91.6812
Time = 42 us 	 QPS = 23809.5 query/s
------------------------------------------------
 k = 100 max_clac= 2511
Recall = 94.5123
Time = 55 us 	 QPS = 18181.8 query/s
------------------------------------------------
 k = 100 max_clac= 3162
Recall = 96.5528
Time = 70 us 	 QPS = 14285.7 query/s
------------------------------------------------
 k = 100 max_clac= 3981
Recall = 97.9098
Time = 85 us 	 QPS = 11764.7 query/s
------------------------------------------------
 k = 100 max_clac= 5011
Recall = 98.7908
Time = 109 us 	 QPS = 9174.31 query/s
------------------------------------------------
 k = 100 max_clac= 6309
Recall = 99.3246
Time = 139 us 	 QPS = 7194.24 query/s
------------------------------------------------
 k = 100 max_clac= 7943
Recall = 99.6447
Time = 174 us 	 QPS = 5747.13 query/s
------------------------------------------------
 k = 100 max_clac= 9999
Recall = 99.8211
Time = 225 us 	 QPS = 4444.44 query/s
num edges:	11747526
max degree:	52
min degree:	2
avg degree:	23.50
std degree:	6.10

------------------------------------------------
 k = 100 max_clac= 100
Recall = 0.550998
Time = 41 us 	 QPS = 24390.2 query/s
------------------------------------------------
 k = 100 max_clac= 125
Recall = 1.2962
Time = 49 us 	 QPS = 20408.2 query/s
------------------------------------------------
 k = 100 max_clac= 158
Recall = 3.15149
Time = 65 us 	 QPS = 15384.6 query/s
------------------------------------------------
 k = 100 max_clac= 199
Recall = 7.26535
Time = 79 us 	 QPS = 12658.2 query/s
------------------------------------------------
 k = 100 max_clac= 251
Recall = 14.362
Time = 97 us 	 QPS = 10309.3 query/s
------------------------------------------------
 k = 100 max_clac= 316
Recall = 25.3708
Time = 122 us 	 QPS = 8196.72 query/s
------------------------------------------------
 k = 100 max_clac= 398
Recall = 37.3341
Time = 151 us 	 QPS = 6622.52 query/s
------------------------------------------------
 k = 100 max_clac= 501
Recall = 49.1921
Time = 192 us 	 QPS = 5208.33 query/s
------------------------------------------------
 k = 100 max_clac= 630
Recall = 59.6833
Time = 230 us 	 QPS = 4347.83 query/s
------------------------------------------------
 k = 100 max_clac= 794
Recall = 68.8027
Time = 279 us 	 QPS = 3584.23 query/s
------------------------------------------------
 k = 100 max_clac= 999
Recall = 76.4046
Time = 346 us 	 QPS = 2890.17 query/s
------------------------------------------------
 k = 100 max_clac= 1258
Recall = 82.7119
Time = 447 us 	 QPS = 2237.14 query/s
------------------------------------------------
 k = 100 max_clac= 1584
Recall = 87.8097
Time = 555 us 	 QPS = 1801.8 query/s
------------------------------------------------
 k = 100 max_clac= 1995
Recall = 91.6784
Time = 691 us 	 QPS = 1447.18 query/s
------------------------------------------------
 k = 100 max_clac= 2511
Recall = 94.5068
Time = 879 us 	 QPS = 1137.66 query/s
------------------------------------------------
 k = 100 max_clac= 3162
Recall = 96.5371
Time = 1122 us 	 QPS = 891.266 query/s
------------------------------------------------
 k = 100 max_clac= 3981
Recall = 97.9145
Time = 1407 us 	 QPS = 710.732 query/s
------------------------------------------------
 k = 100 max_clac= 5011
Recall = 98.7885
Time = 1746 us 	 QPS = 572.738 query/s
------------------------------------------------
 k = 100 max_clac= 6309
Recall = 99.325
Time = 2220 us 	 QPS = 450.45 query/s
------------------------------------------------
 k = 100 max_clac= 7943
Recall = 99.6451
Time = 2785 us 	 QPS = 359.066 query/s
------------------------------------------------
 k = 100 max_clac= 9999
Recall = 99.8223
Time = 3556 us 	 QPS = 281.215 query/s


num edges:	11747526
max degree:	52
min degree:	2
avg degree:	23.50
std degree:	6.10

------------------------------------------------
K = 100 max_clac= 100
Recall = 0.519198
Time = 41 us 	 QPS = 24390.2 query/s
------------------------------------------------
K = 100 max_clac= 125
Recall = 1.3188
Time = 49 us 	 QPS = 20408.2 query/s
------------------------------------------------
K = 100 max_clac= 158
Recall = 3.24658
Time = 64 us 	 QPS = 15625 query/s
------------------------------------------------
K = 100 max_clac= 199
Recall = 7.06456
Time = 79 us 	 QPS = 12658.2 query/s
------------------------------------------------
K = 100 max_clac= 251
Recall = 14.3232
Time = 96 us 	 QPS = 10416.7 query/s
------------------------------------------------
K = 100 max_clac= 316
Recall = 24.9627
Time = 119 us 	 QPS = 8403.36 query/s
------------------------------------------------
K = 100 max_clac= 398
Recall = 37.6568
Time = 145 us 	 QPS = 6896.55 query/s
------------------------------------------------
K = 100 max_clac= 501
Recall = 49.0685
Time = 181 us 	 QPS = 5524.86 query/s
------------------------------------------------
K = 100 max_clac= 630
Recall = 59.6497
Time = 232 us 	 QPS = 4310.34 query/s
------------------------------------------------
K = 100 max_clac= 794
Recall = 68.8446
Time = 286 us 	 QPS = 3496.5 query/s
------------------------------------------------
K = 100 max_clac= 999
Recall = 76.4069
Time = 356 us 	 QPS = 2808.99 query/s
------------------------------------------------
K = 100 max_clac= 1258
Recall = 82.7282
Time = 447 us 	 QPS = 2237.14 query/s
------------------------------------------------
K = 100 max_clac= 1584
Recall = 87.7932
Time = 555 us 	 QPS = 1801.8 query/s
------------------------------------------------
K = 100 max_clac= 1995
Recall = 91.6835
Time = 697 us 	 QPS = 1434.72 query/s
------------------------------------------------
K = 100 max_clac= 2511
Recall = 94.5103
Time = 887 us 	 QPS = 1127.4 query/s
------------------------------------------------
K = 100 max_clac= 3162
Recall = 96.5345
Time = 1111 us 	 QPS = 900.09 query/s
------------------------------------------------
K = 100 max_clac= 3981
Recall = 97.9075
Time = 1396 us 	 QPS = 716.332 query/s
------------------------------------------------
K = 100 max_clac= 5011
Recall = 98.7899
Time = 1766 us 	 QPS = 566.251 query/s
------------------------------------------------
K = 100 max_clac= 6309
Recall = 99.3259
Time = 2248 us 	 QPS = 444.84 query/s
------------------------------------------------
K = 100 max_clac= 7943
Recall = 99.6462
Time = 2802 us 	 QPS = 356.888 query/s
------------------------------------------------
K = 100 max_clac= 9999
Recall = 99.8211
Time = 3578 us 	 QPS = 279.486 query/s
num edges:	11747526
max degree:	52
min degree:	2
avg degree:	23.50
std degree:	6.10

------------------------------------------------
K = 100 max_clac= 100
Recall = 0.513299
Time = 41 us 	 QPS = 24390.2 query/s
------------------------------------------------
K = 100 max_clac= 125
Recall = 1.261
Time = 49 us 	 QPS = 20408.2 query/s
------------------------------------------------
K = 100 max_clac= 158
Recall = 3.19049
Time = 66 us 	 QPS = 15151.5 query/s
------------------------------------------------
K = 100 max_clac= 199
Recall = 7.10236
Time = 83 us 	 QPS = 12048.2 query/s
------------------------------------------------
K = 100 max_clac= 251
Recall = 14.324
Time = 99 us 	 QPS = 10101 query/s
------------------------------------------------
K = 100 max_clac= 316
Recall = 25.0249
Time = 124 us 	 QPS = 8064.52 query/s
------------------------------------------------
K = 100 max_clac= 398
Recall = 37.2919
Time = 152 us 	 QPS = 6578.95 query/s
------------------------------------------------
K = 100 max_clac= 501
Recall = 49.2705
Time = 189 us 	 QPS = 5291.01 query/s
------------------------------------------------
K = 100 max_clac= 630
Recall = 59.5379
Time = 234 us 	 QPS = 4273.5 query/s
------------------------------------------------
K = 100 max_clac= 794
Recall = 68.6967
Time = 290 us 	 QPS = 3448.28 query/s
------------------------------------------------
K = 100 max_clac= 999
Recall = 76.2831
Time = 360 us 	 QPS = 2777.78 query/s
------------------------------------------------
K = 100 max_clac= 1258
Recall = 82.6115
Time = 446 us 	 QPS = 2242.15 query/s
------------------------------------------------
K = 100 max_clac= 1584
Recall = 87.5134
Time = 550 us 	 QPS = 1818.18 query/s
------------------------------------------------
K = 100 max_clac= 1995
Recall = 91.0199
Time = 647 us 	 QPS = 1545.6 query/s
------------------------------------------------
K = 100 max_clac= 2511
Recall = 92.448
Time = 749 us 	 QPS = 1335.11 query/s
------------------------------------------------
K = 100 max_clac= 3162
Recall = 92.5033
Time = 758 us 	 QPS = 1319.26 query/s
------------------------------------------------
K = 100 max_clac= 3981
Recall = 92.5158
Time = 749 us 	 QPS = 1335.11 query/s
------------------------------------------------
K = 100 max_clac= 5011
Recall = 92.5084
Time = 757 us 	 QPS = 1321 query/s
------------------------------------------------
K = 100 max_clac= 6309
Recall = 92.5367
Time = 761 us 	 QPS = 1314.06 query/s
------------------------------------------------
K = 100 max_clac= 7943
Recall = 92.5777
Time = 755 us 	 QPS = 1324.5 query/s
------------------------------------------------
K = 100 max_clac= 9999
Recall = 92.5147
Time = 749 us 	 QPS = 1335.11 query/s
